2023-05-06 10:21:02,613 [Worker-4: Loading available Gradle versions] INFO  o.e.b.c.i.u.g.PublishedGradleVersions - Gradle version information cache is up-to-date. Trying to read.
2023-05-06 10:22:28,134 [Worker-5: Update Maven projects configuration] INFO  o.e.m.c.i.p.ProjectConfigurationManager - Update started
2023-05-06 10:22:49,021 [Worker-5: Update Maven projects configuration] INFO  o.e.m.c.i.l.LifecycleMappingFactory - Using org.eclipse.m2e.jdt.JarLifecycleMapping lifecycle mapping for MavenProject: com.stackroute:exercise-bt-lambdaexpression-predicatefunctionalinterface:1.0.0-SNAPSHOT @ C:\UST_JAVA\Assignment_6\exercise-bt-lambdaexpression-predicatefunctionalinterface\pom.xml.
2023-05-06 10:22:49,711 [Worker-5: Update Maven projects configuration] WARN  o.e.m.j.i.AbstractJavaProjectConfigurator - Could not determine source level, using default 1.5
2023-05-06 10:22:49,714 [Worker-5: Update Maven projects configuration] WARN  o.e.m.j.i.AbstractJavaProjectConfigurator - Could not determine target level, using default 1.5
2023-05-06 10:22:50,165 [Worker-5: Update Maven projects configuration] INFO  o.e.m.j.i.AbstractJavaProjectConfigurator - Adding source folder /exercise-bt-lambdaexpression-predicatefunctionalinterface/src/main/java
2023-05-06 10:22:50,169 [Worker-5: Update Maven projects configuration] INFO  o.e.m.j.i.AbstractJavaProjectConfigurator - Adding source folder /exercise-bt-lambdaexpression-predicatefunctionalinterface/src/test/java
2023-05-06 10:22:50,483 [Worker-4: Building workspace] WARN  o.e.m.c.i.embedder.EclipseLogger - Using platform encoding (Cp1252 actually) to copy filtered resources, i.e. build is platform dependent!
2023-05-06 10:22:50,485 [Worker-4: Building workspace] INFO  o.e.m.c.i.embedder.EclipseLogger - skip non existing resourceDirectory C:\UST_JAVA\Assignment_6\exercise-bt-lambdaexpression-predicatefunctionalinterface\src\main\resources
2023-05-06 10:22:50,487 [Worker-4: Building workspace] WARN  o.e.m.c.i.embedder.EclipseLogger - Using platform encoding (Cp1252 actually) to copy filtered resources, i.e. build is platform dependent!
2023-05-06 10:22:50,489 [Worker-4: Building workspace] INFO  o.e.m.c.i.embedder.EclipseLogger - skip non existing resourceDirectory C:\UST_JAVA\Assignment_6\exercise-bt-lambdaexpression-predicatefunctionalinterface\src\test\resources
2023-05-06 10:22:51,299 [Worker-5: Update Maven projects configuration] INFO  o.e.m.c.i.p.ProjectConfigurationManager - Update completed: 23 sec
2023-05-06 10:22:51,711 [Worker-4: Building workspace] WARN  o.e.m.c.i.embedder.EclipseLogger - Using platform encoding (Cp1252 actually) to copy filtered resources, i.e. build is platform dependent!
2023-05-06 10:22:51,716 [Worker-4: Building workspace] INFO  o.e.m.c.i.embedder.EclipseLogger - skip non existing resourceDirectory C:\UST_JAVA\Assignment_6\exercise-bt-lambdaexpression-predicatefunctionalinterface\src\main\resources
2023-05-06 10:22:51,719 [Worker-4: Building workspace] WARN  o.e.m.c.i.embedder.EclipseLogger - Using platform encoding (Cp1252 actually) to copy filtered resources, i.e. build is platform dependent!
2023-05-06 10:22:51,723 [Worker-4: Building workspace] INFO  o.e.m.c.i.embedder.EclipseLogger - skip non existing resourceDirectory C:\UST_JAVA\Assignment_6\exercise-bt-lambdaexpression-predicatefunctionalinterface\src\test\resources
2023-05-06 10:24:21,987 [Worker-12: Building workspace] WARN  o.e.m.c.i.embedder.EclipseLogger - Using platform encoding (Cp1252 actually) to copy filtered resources, i.e. build is platform dependent!
2023-05-06 10:24:21,990 [Worker-12: Building workspace] INFO  o.e.m.c.i.embedder.EclipseLogger - skip non existing resourceDirectory C:\UST_JAVA\Assignment_6\exercise-bt-lambdaexpression-predicatefunctionalinterface\src\main\resources
2023-05-06 10:24:21,991 [Worker-12: Building workspace] WARN  o.e.m.c.i.embedder.EclipseLogger - Using platform encoding (Cp1252 actually) to copy filtered resources, i.e. build is platform dependent!
2023-05-06 10:24:21,994 [Worker-12: Building workspace] INFO  o.e.m.c.i.embedder.EclipseLogger - skip non existing resourceDirectory C:\UST_JAVA\Assignment_6\exercise-bt-lambdaexpression-predicatefunctionalinterface\src\test\resources
2023-05-06 10:29:22,145 [Worker-4: Building workspace] WARN  o.e.m.c.i.embedder.EclipseLogger - Using platform encoding (Cp1252 actually) to copy filtered resources, i.e. build is platform dependent!
2023-05-06 10:29:22,151 [Worker-4: Building workspace] INFO  o.e.m.c.i.embedder.EclipseLogger - skip non existing resourceDirectory C:\UST_JAVA\Assignment_6\exercise-bt-lambdaexpression-predicatefunctionalinterface\src\main\resources
2023-05-06 10:29:22,155 [Worker-4: Building workspace] WARN  o.e.m.c.i.embedder.EclipseLogger - Using platform encoding (Cp1252 actually) to copy filtered resources, i.e. build is platform dependent!
2023-05-06 10:29:22,161 [Worker-4: Building workspace] INFO  o.e.m.c.i.embedder.EclipseLogger - skip non existing resourceDirectory C:\UST_JAVA\Assignment_6\exercise-bt-lambdaexpression-predicatefunctionalinterface\src\test\resources
2023-05-06 10:29:34,272 [Worker-4: Building workspace] WARN  o.e.m.c.i.embedder.EclipseLogger - Using platform encoding (Cp1252 actually) to copy filtered resources, i.e. build is platform dependent!
2023-05-06 10:29:34,279 [Worker-4: Building workspace] INFO  o.e.m.c.i.embedder.EclipseLogger - skip non existing resourceDirectory C:\UST_JAVA\Assignment_6\exercise-bt-lambdaexpression-predicatefunctionalinterface\src\main\resources
2023-05-06 10:29:34,282 [Worker-4: Building workspace] WARN  o.e.m.c.i.embedder.EclipseLogger - Using platform encoding (Cp1252 actually) to copy filtered resources, i.e. build is platform dependent!
2023-05-06 10:29:34,289 [Worker-4: Building workspace] INFO  o.e.m.c.i.embedder.EclipseLogger - skip non existing resourceDirectory C:\UST_JAVA\Assignment_6\exercise-bt-lambdaexpression-predicatefunctionalinterface\src\test\resources
2023-05-06 10:31:38,924 [Worker-15: Building workspace] WARN  o.e.m.c.i.embedder.EclipseLogger - Using platform encoding (Cp1252 actually) to copy filtered resources, i.e. build is platform dependent!
2023-05-06 10:31:38,926 [Worker-15: Building workspace] INFO  o.e.m.c.i.embedder.EclipseLogger - skip non existing resourceDirectory C:\UST_JAVA\Assignment_6\exercise-bt-lambdaexpression-predicatefunctionalinterface\src\main\resources
2023-05-06 10:31:38,927 [Worker-15: Building workspace] WARN  o.e.m.c.i.embedder.EclipseLogger - Using platform encoding (Cp1252 actually) to copy filtered resources, i.e. build is platform dependent!
2023-05-06 10:31:38,930 [Worker-15: Building workspace] INFO  o.e.m.c.i.embedder.EclipseLogger - skip non existing resourceDirectory C:\UST_JAVA\Assignment_6\exercise-bt-lambdaexpression-predicatefunctionalinterface\src\test\resources
2023-05-06 10:48:26,499 [Worker-7: Building workspace] WARN  o.e.m.c.i.embedder.EclipseLogger - Using platform encoding (Cp1252 actually) to copy filtered resources, i.e. build is platform dependent!
2023-05-06 10:48:26,506 [Worker-7: Building workspace] INFO  o.e.m.c.i.embedder.EclipseLogger - skip non existing resourceDirectory C:\UST_JAVA\Assignment_6\exercise-bt-lambdaexpression-predicatefunctionalinterface\src\main\resources
2023-05-06 10:48:26,509 [Worker-7: Building workspace] WARN  o.e.m.c.i.embedder.EclipseLogger - Using platform encoding (Cp1252 actually) to copy filtered resources, i.e. build is platform dependent!
2023-05-06 10:48:26,516 [Worker-7: Building workspace] INFO  o.e.m.c.i.embedder.EclipseLogger - skip non existing resourceDirectory C:\UST_JAVA\Assignment_6\exercise-bt-lambdaexpression-predicatefunctionalinterface\src\test\resources
2023-05-06 10:52:02,615 [Worker-24: Building workspace] WARN  o.e.m.c.i.embedder.EclipseLogger - Using platform encoding (Cp1252 actually) to copy filtered resources, i.e. build is platform dependent!
2023-05-06 10:52:02,621 [Worker-24: Building workspace] INFO  o.e.m.c.i.embedder.EclipseLogger - skip non existing resourceDirectory C:\UST_JAVA\Assignment_6\exercise-bt-lambdaexpression-predicatefunctionalinterface\src\main\resources
2023-05-06 10:52:02,625 [Worker-24: Building workspace] WARN  o.e.m.c.i.embedder.EclipseLogger - Using platform encoding (Cp1252 actually) to copy filtered resources, i.e. build is platform dependent!
2023-05-06 10:52:02,632 [Worker-24: Building workspace] INFO  o.e.m.c.i.embedder.EclipseLogger - skip non existing resourceDirectory C:\UST_JAVA\Assignment_6\exercise-bt-lambdaexpression-predicatefunctionalinterface\src\test\resources
2023-05-06 15:55:36,765 [Worker-1: Loading available Gradle versions] INFO  o.e.b.c.i.u.g.PublishedGradleVersions - Gradle version information cache is up-to-date. Trying to read.
2023-05-06 16:04:38,413 [Worker-12: Building workspace] WARN  o.e.m.c.i.embedder.EclipseLogger - Using platform encoding (Cp1252 actually) to copy filtered resources, i.e. build is platform dependent!
2023-05-06 16:04:38,417 [Worker-12: Building workspace] INFO  o.e.m.c.i.embedder.EclipseLogger - skip non existing resourceDirectory C:\UST_JAVA\Assignment_6\exercise-bt-lambdaexpression-predicatefunctionalinterface\src\main\resources
2023-05-06 16:04:38,420 [Worker-12: Building workspace] WARN  o.e.m.c.i.embedder.EclipseLogger - Using platform encoding (Cp1252 actually) to copy filtered resources, i.e. build is platform dependent!
2023-05-06 16:04:38,423 [Worker-12: Building workspace] INFO  o.e.m.c.i.embedder.EclipseLogger - skip non existing resourceDirectory C:\UST_JAVA\Assignment_6\exercise-bt-lambdaexpression-predicatefunctionalinterface\src\test\resources
2023-05-06 16:08:24,925 [Worker-1: Building workspace] WARN  o.e.m.c.i.embedder.EclipseLogger - Using platform encoding (Cp1252 actually) to copy filtered resources, i.e. build is platform dependent!
2023-05-06 16:08:24,931 [Worker-1: Building workspace] INFO  o.e.m.c.i.embedder.EclipseLogger - skip non existing resourceDirectory C:\UST_JAVA\Assignment_6\exercise-bt-lambdaexpression-predicatefunctionalinterface\src\main\resources
2023-05-06 16:08:24,933 [Worker-1: Building workspace] WARN  o.e.m.c.i.embedder.EclipseLogger - Using platform encoding (Cp1252 actually) to copy filtered resources, i.e. build is platform dependent!
2023-05-06 16:08:24,937 [Worker-1: Building workspace] INFO  o.e.m.c.i.embedder.EclipseLogger - skip non existing resourceDirectory C:\UST_JAVA\Assignment_6\exercise-bt-lambdaexpression-predicatefunctionalinterface\src\test\resources
2023-05-06 16:09:19,371 [Worker-7: Launching java] WARN  o.e.m.c.i.embedder.EclipseLogger - Using platform encoding (Cp1252 actually) to copy filtered resources, i.e. build is platform dependent!
2023-05-06 16:09:19,377 [Worker-7: Launching java] INFO  o.e.m.c.i.embedder.EclipseLogger - skip non existing resourceDirectory C:\UST_JAVA\Assignment_6\exercise-bt-lambdaexpression-predicatefunctionalinterface\src\main\resources
2023-05-06 16:09:19,378 [Worker-7: Launching java] WARN  o.e.m.c.i.embedder.EclipseLogger - Using platform encoding (Cp1252 actually) to copy filtered resources, i.e. build is platform dependent!
2023-05-06 16:09:19,382 [Worker-7: Launching java] INFO  o.e.m.c.i.embedder.EclipseLogger - skip non existing resourceDirectory C:\UST_JAVA\Assignment_6\exercise-bt-lambdaexpression-predicatefunctionalinterface\src\test\resources
2023-05-06 16:13:42,148 [Worker-15: Building workspace] WARN  o.e.m.c.i.embedder.EclipseLogger - Using platform encoding (Cp1252 actually) to copy filtered resources, i.e. build is platform dependent!
2023-05-06 16:13:42,153 [Worker-15: Building workspace] INFO  o.e.m.c.i.embedder.EclipseLogger - skip non existing resourceDirectory C:\UST_JAVA\Assignment_6\exercise-bt-lambdaexpression-predicatefunctionalinterface\src\main\resources
2023-05-06 16:13:42,155 [Worker-15: Building workspace] WARN  o.e.m.c.i.embedder.EclipseLogger - Using platform encoding (Cp1252 actually) to copy filtered resources, i.e. build is platform dependent!
2023-05-06 16:13:42,158 [Worker-15: Building workspace] INFO  o.e.m.c.i.embedder.EclipseLogger - skip non existing resourceDirectory C:\UST_JAVA\Assignment_6\exercise-bt-lambdaexpression-predicatefunctionalinterface\src\test\resources
