2023-04-18 17:05:45,879 [Worker-5: Loading available Gradle versions] INFO  o.e.b.c.i.u.g.PublishedGradleVersions - Gradle version information cache is up-to-date. Trying to read.
2023-04-18 17:06:37,225 [Worker-1: Update Maven projects configuration] INFO  o.e.m.c.i.p.ProjectConfigurationManager - Update started
2023-04-18 17:06:38,139 [Worker-1: Update Maven projects configuration] INFO  o.e.m.c.i.l.LifecycleMappingFactory - Using org.eclipse.m2e.jdt.JarLifecycleMapping lifecycle mapping for MavenProject: com.stackroute:exercise-bt-oops-inheritance-polymorphism:1.0-SNAPSHOT @ C:\UST_JAVA\Assignment\exercise-bt-oops-inheritance-polymorphism\pom.xml.
2023-04-18 17:06:57,392 [Worker-1: Update Maven projects configuration] INFO  o.e.m.j.i.AbstractJavaProjectConfigurator - Adding source folder /exercise-bt-oops-inheritance-polymorphism/src/main/java
2023-04-18 17:06:57,401 [Worker-1: Update Maven projects configuration] INFO  o.e.m.j.i.AbstractJavaProjectConfigurator - Adding source folder /exercise-bt-oops-inheritance-polymorphism/src/test/java
2023-04-18 17:06:57,717 [Worker-6: Building workspace] INFO  o.e.m.c.i.embedder.EclipseLogger - Using 'UTF-8' encoding to copy filtered resources.
2023-04-18 17:06:57,717 [Worker-6: Building workspace] INFO  o.e.m.c.i.embedder.EclipseLogger - skip non existing resourceDirectory C:\UST_JAVA\Assignment\exercise-bt-oops-inheritance-polymorphism\src\main\resources
2023-04-18 17:06:57,719 [Worker-6: Building workspace] INFO  o.e.m.c.i.embedder.EclipseLogger - Using 'UTF-8' encoding to copy filtered resources.
2023-04-18 17:06:57,719 [Worker-6: Building workspace] INFO  o.e.m.c.i.embedder.EclipseLogger - skip non existing resourceDirectory C:\UST_JAVA\Assignment\exercise-bt-oops-inheritance-polymorphism\src\test\resources
2023-04-18 17:06:58,600 [Worker-1: Update Maven projects configuration] INFO  o.e.m.c.i.p.ProjectConfigurationManager - Update completed: 21 sec
2023-04-18 17:06:58,832 [Worker-0: Building workspace] INFO  o.e.m.c.i.embedder.EclipseLogger - Using 'UTF-8' encoding to copy filtered resources.
2023-04-18 17:06:58,832 [Worker-0: Building workspace] INFO  o.e.m.c.i.embedder.EclipseLogger - skip non existing resourceDirectory C:\UST_JAVA\Assignment\exercise-bt-oops-inheritance-polymorphism\src\main\resources
2023-04-18 17:06:58,833 [Worker-0: Building workspace] INFO  o.e.m.c.i.embedder.EclipseLogger - Using 'UTF-8' encoding to copy filtered resources.
2023-04-18 17:06:58,833 [Worker-0: Building workspace] INFO  o.e.m.c.i.embedder.EclipseLogger - skip non existing resourceDirectory C:\UST_JAVA\Assignment\exercise-bt-oops-inheritance-polymorphism\src\test\resources
2023-04-18 17:07:33,921 [Worker-4: Building workspace] INFO  o.e.m.c.i.embedder.EclipseLogger - Using 'UTF-8' encoding to copy filtered resources.
2023-04-18 17:07:33,921 [Worker-4: Building workspace] INFO  o.e.m.c.i.embedder.EclipseLogger - skip non existing resourceDirectory C:\UST_JAVA\Assignment\exercise-bt-oops-inheritance-polymorphism\src\main\resources
2023-04-18 17:07:33,923 [Worker-4: Building workspace] INFO  o.e.m.c.i.embedder.EclipseLogger - Using 'UTF-8' encoding to copy filtered resources.
2023-04-18 17:07:33,923 [Worker-4: Building workspace] INFO  o.e.m.c.i.embedder.EclipseLogger - skip non existing resourceDirectory C:\UST_JAVA\Assignment\exercise-bt-oops-inheritance-polymorphism\src\test\resources
2023-04-18 21:45:15,441 [Worker-3: Loading available Gradle versions] INFO  o.e.b.c.i.u.g.PublishedGradleVersions - Gradle version information cache is up-to-date. Trying to read.
2023-04-18 22:00:52,543 [Worker-17: Building workspace] INFO  o.e.m.c.i.embedder.EclipseLogger - Using 'UTF-8' encoding to copy filtered resources.
2023-04-18 22:00:52,544 [Worker-17: Building workspace] INFO  o.e.m.c.i.embedder.EclipseLogger - skip non existing resourceDirectory C:\UST_JAVA\Assignment\exercise-bt-oops-inheritance-polymorphism\src\main\resources
2023-04-18 22:00:52,547 [Worker-17: Building workspace] INFO  o.e.m.c.i.embedder.EclipseLogger - Using 'UTF-8' encoding to copy filtered resources.
2023-04-18 22:00:52,547 [Worker-17: Building workspace] INFO  o.e.m.c.i.embedder.EclipseLogger - skip non existing resourceDirectory C:\UST_JAVA\Assignment\exercise-bt-oops-inheritance-polymorphism\src\test\resources
2023-04-18 22:03:16,645 [Worker-22: Building workspace] INFO  o.e.m.c.i.embedder.EclipseLogger - Using 'UTF-8' encoding to copy filtered resources.
2023-04-18 22:03:16,645 [Worker-22: Building workspace] INFO  o.e.m.c.i.embedder.EclipseLogger - skip non existing resourceDirectory C:\UST_JAVA\Assignment\exercise-bt-oops-inheritance-polymorphism\src\main\resources
2023-04-18 22:03:16,651 [Worker-22: Building workspace] INFO  o.e.m.c.i.embedder.EclipseLogger - Using 'UTF-8' encoding to copy filtered resources.
2023-04-18 22:03:16,651 [Worker-22: Building workspace] INFO  o.e.m.c.i.embedder.EclipseLogger - skip non existing resourceDirectory C:\UST_JAVA\Assignment\exercise-bt-oops-inheritance-polymorphism\src\test\resources
2023-04-19 00:07:53,014 [Worker-33: Building workspace] INFO  o.e.m.c.i.embedder.EclipseLogger - Using 'UTF-8' encoding to copy filtered resources.
2023-04-19 00:07:53,014 [Worker-33: Building workspace] INFO  o.e.m.c.i.embedder.EclipseLogger - skip non existing resourceDirectory C:\UST_JAVA\Assignment\exercise-bt-oops-inheritance-polymorphism\src\main\resources
2023-04-19 00:07:53,014 [Worker-33: Building workspace] INFO  o.e.m.c.i.embedder.EclipseLogger - Using 'UTF-8' encoding to copy filtered resources.
2023-04-19 00:07:53,014 [Worker-33: Building workspace] INFO  o.e.m.c.i.embedder.EclipseLogger - skip non existing resourceDirectory C:\UST_JAVA\Assignment\exercise-bt-oops-inheritance-polymorphism\src\test\resources
2023-04-19 00:08:06,560 [Worker-37: Building workspace] INFO  o.e.m.c.i.embedder.EclipseLogger - Using 'UTF-8' encoding to copy filtered resources.
2023-04-19 00:08:06,560 [Worker-37: Building workspace] INFO  o.e.m.c.i.embedder.EclipseLogger - skip non existing resourceDirectory C:\UST_JAVA\Assignment\exercise-bt-oops-inheritance-polymorphism\src\main\resources
2023-04-19 00:08:06,568 [Worker-37: Building workspace] INFO  o.e.m.c.i.embedder.EclipseLogger - Using 'UTF-8' encoding to copy filtered resources.
2023-04-19 00:08:06,568 [Worker-37: Building workspace] INFO  o.e.m.c.i.embedder.EclipseLogger - skip non existing resourceDirectory C:\UST_JAVA\Assignment\exercise-bt-oops-inheritance-polymorphism\src\test\resources
2023-04-19 08:51:18,618 [Worker-1: Loading available Gradle versions] INFO  o.e.b.c.i.u.g.PublishedGradleVersions - Gradle version information cache is up-to-date. Trying to read.
2023-04-19 08:56:25,555 [Worker-3: Building workspace] INFO  o.e.m.c.i.embedder.EclipseLogger - Using 'UTF-8' encoding to copy filtered resources.
2023-04-19 08:56:25,555 [Worker-3: Building workspace] INFO  o.e.m.c.i.embedder.EclipseLogger - skip non existing resourceDirectory C:\UST_JAVA\Assignment\exercise-bt-oops-inheritance-polymorphism\src\main\resources
2023-04-19 08:56:25,558 [Worker-3: Building workspace] INFO  o.e.m.c.i.embedder.EclipseLogger - Using 'UTF-8' encoding to copy filtered resources.
2023-04-19 08:56:25,559 [Worker-3: Building workspace] INFO  o.e.m.c.i.embedder.EclipseLogger - skip non existing resourceDirectory C:\UST_JAVA\Assignment\exercise-bt-oops-inheritance-polymorphism\src\test\resources
2023-04-19 08:59:53,945 [Worker-5: Building workspace] INFO  o.e.m.c.i.embedder.EclipseLogger - Using 'UTF-8' encoding to copy filtered resources.
2023-04-19 08:59:53,945 [Worker-5: Building workspace] INFO  o.e.m.c.i.embedder.EclipseLogger - skip non existing resourceDirectory C:\UST_JAVA\Assignment\exercise-bt-oops-inheritance-polymorphism\src\main\resources
2023-04-19 08:59:53,947 [Worker-5: Building workspace] INFO  o.e.m.c.i.embedder.EclipseLogger - Using 'UTF-8' encoding to copy filtered resources.
2023-04-19 08:59:53,947 [Worker-5: Building workspace] INFO  o.e.m.c.i.embedder.EclipseLogger - skip non existing resourceDirectory C:\UST_JAVA\Assignment\exercise-bt-oops-inheritance-polymorphism\src\test\resources
2023-04-19 09:01:48,589 [Worker-8: Building workspace] INFO  o.e.m.c.i.embedder.EclipseLogger - Using 'UTF-8' encoding to copy filtered resources.
2023-04-19 09:01:48,589 [Worker-8: Building workspace] INFO  o.e.m.c.i.embedder.EclipseLogger - skip non existing resourceDirectory C:\UST_JAVA\Assignment\exercise-bt-oops-inheritance-polymorphism\src\main\resources
2023-04-19 09:01:48,591 [Worker-8: Building workspace] INFO  o.e.m.c.i.embedder.EclipseLogger - Using 'UTF-8' encoding to copy filtered resources.
2023-04-19 09:01:48,591 [Worker-8: Building workspace] INFO  o.e.m.c.i.embedder.EclipseLogger - skip non existing resourceDirectory C:\UST_JAVA\Assignment\exercise-bt-oops-inheritance-polymorphism\src\test\resources
2023-04-19 09:14:31,157 [Worker-17: Building workspace] INFO  o.e.m.c.i.embedder.EclipseLogger - Using 'UTF-8' encoding to copy filtered resources.
2023-04-19 09:14:31,158 [Worker-17: Building workspace] INFO  o.e.m.c.i.embedder.EclipseLogger - skip non existing resourceDirectory C:\UST_JAVA\Assignment\exercise-bt-oops-inheritance-polymorphism\src\main\resources
2023-04-19 09:14:31,160 [Worker-17: Building workspace] INFO  o.e.m.c.i.embedder.EclipseLogger - Using 'UTF-8' encoding to copy filtered resources.
2023-04-19 09:14:31,160 [Worker-17: Building workspace] INFO  o.e.m.c.i.embedder.EclipseLogger - skip non existing resourceDirectory C:\UST_JAVA\Assignment\exercise-bt-oops-inheritance-polymorphism\src\test\resources
2023-04-19 09:21:45,310 [Worker-21: Building workspace] INFO  o.e.m.c.i.embedder.EclipseLogger - Using 'UTF-8' encoding to copy filtered resources.
2023-04-19 09:21:45,312 [Worker-21: Building workspace] INFO  o.e.m.c.i.embedder.EclipseLogger - skip non existing resourceDirectory C:\UST_JAVA\Assignment\exercise-bt-oops-inheritance-polymorphism\src\main\resources
2023-04-19 09:21:45,313 [Worker-21: Building workspace] INFO  o.e.m.c.i.embedder.EclipseLogger - Using 'UTF-8' encoding to copy filtered resources.
2023-04-19 09:21:45,313 [Worker-21: Building workspace] INFO  o.e.m.c.i.embedder.EclipseLogger - skip non existing resourceDirectory C:\UST_JAVA\Assignment\exercise-bt-oops-inheritance-polymorphism\src\test\resources
2023-04-19 09:23:06,188 [Worker-23: Building workspace] INFO  o.e.m.c.i.embedder.EclipseLogger - Using 'UTF-8' encoding to copy filtered resources.
2023-04-19 09:23:06,188 [Worker-23: Building workspace] INFO  o.e.m.c.i.embedder.EclipseLogger - skip non existing resourceDirectory C:\UST_JAVA\Assignment\exercise-bt-oops-inheritance-polymorphism\src\main\resources
2023-04-19 09:23:06,191 [Worker-23: Building workspace] INFO  o.e.m.c.i.embedder.EclipseLogger - Using 'UTF-8' encoding to copy filtered resources.
2023-04-19 09:23:06,191 [Worker-23: Building workspace] INFO  o.e.m.c.i.embedder.EclipseLogger - skip non existing resourceDirectory C:\UST_JAVA\Assignment\exercise-bt-oops-inheritance-polymorphism\src\test\resources
2023-04-19 09:25:15,719 [Worker-23: Building workspace] INFO  o.e.m.c.i.embedder.EclipseLogger - Using 'UTF-8' encoding to copy filtered resources.
2023-04-19 09:25:15,720 [Worker-23: Building workspace] INFO  o.e.m.c.i.embedder.EclipseLogger - skip non existing resourceDirectory C:\UST_JAVA\Assignment\exercise-bt-oops-inheritance-polymorphism\src\main\resources
2023-04-19 09:25:15,724 [Worker-23: Building workspace] INFO  o.e.m.c.i.embedder.EclipseLogger - Using 'UTF-8' encoding to copy filtered resources.
2023-04-19 09:25:15,724 [Worker-23: Building workspace] INFO  o.e.m.c.i.embedder.EclipseLogger - skip non existing resourceDirectory C:\UST_JAVA\Assignment\exercise-bt-oops-inheritance-polymorphism\src\test\resources
2023-04-19 11:14:05,873 [Worker-2: Loading available Gradle versions] INFO  o.e.b.c.i.u.g.PublishedGradleVersions - Gradle version information cache is out-of-date. Trying to update.
2023-04-19 11:14:06,354 [Worker-2: Loading available Gradle versions] INFO  o.e.b.c.i.u.g.PublishedGradleVersions - Updating Gradle version information cache failed. Using outdated cache.
2023-04-19 11:14:53,438 [Worker-3: Building workspace] INFO  o.e.m.c.i.embedder.EclipseLogger - Using 'UTF-8' encoding to copy filtered resources.
2023-04-19 11:14:53,441 [Worker-3: Building workspace] INFO  o.e.m.c.i.embedder.EclipseLogger - skip non existing resourceDirectory C:\UST_JAVA\Assignment\exercise-bt-oops-inheritance-polymorphism\src\main\resources
2023-04-19 11:14:53,443 [Worker-3: Building workspace] INFO  o.e.m.c.i.embedder.EclipseLogger - Using 'UTF-8' encoding to copy filtered resources.
2023-04-19 11:14:53,444 [Worker-3: Building workspace] INFO  o.e.m.c.i.embedder.EclipseLogger - skip non existing resourceDirectory C:\UST_JAVA\Assignment\exercise-bt-oops-inheritance-polymorphism\src\test\resources
2023-04-19 11:15:02,233 [Worker-2: Building workspace] INFO  o.e.m.c.i.embedder.EclipseLogger - Using 'UTF-8' encoding to copy filtered resources.
2023-04-19 11:15:02,234 [Worker-2: Building workspace] INFO  o.e.m.c.i.embedder.EclipseLogger - skip non existing resourceDirectory C:\UST_JAVA\Assignment\exercise-bt-oops-inheritance-polymorphism\src\main\resources
2023-04-19 11:15:02,239 [Worker-2: Building workspace] INFO  o.e.m.c.i.embedder.EclipseLogger - Using 'UTF-8' encoding to copy filtered resources.
2023-04-19 11:15:02,240 [Worker-2: Building workspace] INFO  o.e.m.c.i.embedder.EclipseLogger - skip non existing resourceDirectory C:\UST_JAVA\Assignment\exercise-bt-oops-inheritance-polymorphism\src\test\resources
2023-04-19 11:22:32,002 [Worker-1: Building workspace] INFO  o.e.m.c.i.embedder.EclipseLogger - Using 'UTF-8' encoding to copy filtered resources.
2023-04-19 11:22:32,003 [Worker-1: Building workspace] INFO  o.e.m.c.i.embedder.EclipseLogger - skip non existing resourceDirectory C:\UST_JAVA\Assignment\exercise-bt-oops-inheritance-polymorphism\src\main\resources
2023-04-19 11:22:32,004 [Worker-1: Building workspace] INFO  o.e.m.c.i.embedder.EclipseLogger - Using 'UTF-8' encoding to copy filtered resources.
2023-04-19 11:22:32,004 [Worker-1: Building workspace] INFO  o.e.m.c.i.embedder.EclipseLogger - skip non existing resourceDirectory C:\UST_JAVA\Assignment\exercise-bt-oops-inheritance-polymorphism\src\test\resources
2023-04-19 11:24:30,475 [Worker-14: Building workspace] INFO  o.e.m.c.i.embedder.EclipseLogger - Using 'UTF-8' encoding to copy filtered resources.
2023-04-19 11:24:30,475 [Worker-14: Building workspace] INFO  o.e.m.c.i.embedder.EclipseLogger - skip non existing resourceDirectory C:\UST_JAVA\Assignment\exercise-bt-oops-inheritance-polymorphism\src\main\resources
2023-04-19 11:24:30,477 [Worker-14: Building workspace] INFO  o.e.m.c.i.embedder.EclipseLogger - Using 'UTF-8' encoding to copy filtered resources.
2023-04-19 11:24:30,477 [Worker-14: Building workspace] INFO  o.e.m.c.i.embedder.EclipseLogger - skip non existing resourceDirectory C:\UST_JAVA\Assignment\exercise-bt-oops-inheritance-polymorphism\src\test\resources
2023-04-19 11:27:12,072 [Worker-2: Building workspace] INFO  o.e.m.c.i.embedder.EclipseLogger - Using 'UTF-8' encoding to copy filtered resources.
2023-04-19 11:27:12,072 [Worker-2: Building workspace] INFO  o.e.m.c.i.embedder.EclipseLogger - skip non existing resourceDirectory C:\UST_JAVA\Assignment\exercise-bt-oops-inheritance-polymorphism\src\main\resources
2023-04-19 11:27:12,073 [Worker-2: Building workspace] INFO  o.e.m.c.i.embedder.EclipseLogger - Using 'UTF-8' encoding to copy filtered resources.
2023-04-19 11:27:12,073 [Worker-2: Building workspace] INFO  o.e.m.c.i.embedder.EclipseLogger - skip non existing resourceDirectory C:\UST_JAVA\Assignment\exercise-bt-oops-inheritance-polymorphism\src\test\resources
2023-04-19 11:28:39,859 [Worker-15: Building workspace] INFO  o.e.m.c.i.embedder.EclipseLogger - Using 'UTF-8' encoding to copy filtered resources.
2023-04-19 11:28:39,860 [Worker-15: Building workspace] INFO  o.e.m.c.i.embedder.EclipseLogger - skip non existing resourceDirectory C:\UST_JAVA\Assignment\exercise-bt-oops-inheritance-polymorphism\src\main\resources
2023-04-19 11:28:39,862 [Worker-15: Building workspace] INFO  o.e.m.c.i.embedder.EclipseLogger - Using 'UTF-8' encoding to copy filtered resources.
2023-04-19 11:28:39,862 [Worker-15: Building workspace] INFO  o.e.m.c.i.embedder.EclipseLogger - skip non existing resourceDirectory C:\UST_JAVA\Assignment\exercise-bt-oops-inheritance-polymorphism\src\test\resources
2023-04-19 11:31:12,671 [Worker-14: Building workspace] INFO  o.e.m.c.i.embedder.EclipseLogger - Using 'UTF-8' encoding to copy filtered resources.
2023-04-19 11:31:12,671 [Worker-14: Building workspace] INFO  o.e.m.c.i.embedder.EclipseLogger - skip non existing resourceDirectory C:\UST_JAVA\Assignment\exercise-bt-oops-inheritance-polymorphism\src\main\resources
2023-04-19 11:31:12,673 [Worker-14: Building workspace] INFO  o.e.m.c.i.embedder.EclipseLogger - Using 'UTF-8' encoding to copy filtered resources.
2023-04-19 11:31:12,673 [Worker-14: Building workspace] INFO  o.e.m.c.i.embedder.EclipseLogger - skip non existing resourceDirectory C:\UST_JAVA\Assignment\exercise-bt-oops-inheritance-polymorphism\src\test\resources
2023-04-19 11:31:32,841 [Worker-14: Building workspace] INFO  o.e.m.c.i.embedder.EclipseLogger - Using 'UTF-8' encoding to copy filtered resources.
2023-04-19 11:31:32,841 [Worker-14: Building workspace] INFO  o.e.m.c.i.embedder.EclipseLogger - skip non existing resourceDirectory C:\UST_JAVA\Assignment\exercise-bt-oops-inheritance-polymorphism\src\main\resources
2023-04-19 11:31:32,847 [Worker-14: Building workspace] INFO  o.e.m.c.i.embedder.EclipseLogger - Using 'UTF-8' encoding to copy filtered resources.
2023-04-19 11:31:32,847 [Worker-14: Building workspace] INFO  o.e.m.c.i.embedder.EclipseLogger - skip non existing resourceDirectory C:\UST_JAVA\Assignment\exercise-bt-oops-inheritance-polymorphism\src\test\resources
2023-04-19 11:32:13,032 [Worker-14: Building workspace] INFO  o.e.m.c.i.embedder.EclipseLogger - Using 'UTF-8' encoding to copy filtered resources.
2023-04-19 11:32:13,033 [Worker-14: Building workspace] INFO  o.e.m.c.i.embedder.EclipseLogger - skip non existing resourceDirectory C:\UST_JAVA\Assignment\exercise-bt-oops-inheritance-polymorphism\src\main\resources
2023-04-19 11:32:13,034 [Worker-14: Building workspace] INFO  o.e.m.c.i.embedder.EclipseLogger - Using 'UTF-8' encoding to copy filtered resources.
2023-04-19 11:32:13,034 [Worker-14: Building workspace] INFO  o.e.m.c.i.embedder.EclipseLogger - skip non existing resourceDirectory C:\UST_JAVA\Assignment\exercise-bt-oops-inheritance-polymorphism\src\test\resources
2023-04-19 11:32:20,385 [Worker-15: Building workspace] INFO  o.e.m.c.i.embedder.EclipseLogger - Using 'UTF-8' encoding to copy filtered resources.
2023-04-19 11:32:20,386 [Worker-15: Building workspace] INFO  o.e.m.c.i.embedder.EclipseLogger - skip non existing resourceDirectory C:\UST_JAVA\Assignment\exercise-bt-oops-inheritance-polymorphism\src\main\resources
2023-04-19 11:32:20,388 [Worker-15: Building workspace] INFO  o.e.m.c.i.embedder.EclipseLogger - Using 'UTF-8' encoding to copy filtered resources.
2023-04-19 11:32:20,388 [Worker-15: Building workspace] INFO  o.e.m.c.i.embedder.EclipseLogger - skip non existing resourceDirectory C:\UST_JAVA\Assignment\exercise-bt-oops-inheritance-polymorphism\src\test\resources
2023-04-19 11:32:55,031 [Worker-15: Building workspace] INFO  o.e.m.c.i.embedder.EclipseLogger - Using 'UTF-8' encoding to copy filtered resources.
2023-04-19 11:32:55,031 [Worker-15: Building workspace] INFO  o.e.m.c.i.embedder.EclipseLogger - skip non existing resourceDirectory C:\UST_JAVA\Assignment\exercise-bt-oops-inheritance-polymorphism\src\main\resources
2023-04-19 11:32:55,032 [Worker-15: Building workspace] INFO  o.e.m.c.i.embedder.EclipseLogger - Using 'UTF-8' encoding to copy filtered resources.
2023-04-19 11:32:55,032 [Worker-15: Building workspace] INFO  o.e.m.c.i.embedder.EclipseLogger - skip non existing resourceDirectory C:\UST_JAVA\Assignment\exercise-bt-oops-inheritance-polymorphism\src\test\resources
2023-04-19 11:33:19,076 [Worker-13: Building workspace] INFO  o.e.m.c.i.embedder.EclipseLogger - Using 'UTF-8' encoding to copy filtered resources.
2023-04-19 11:33:19,076 [Worker-13: Building workspace] INFO  o.e.m.c.i.embedder.EclipseLogger - skip non existing resourceDirectory C:\UST_JAVA\Assignment\exercise-bt-oops-inheritance-polymorphism\src\main\resources
2023-04-19 11:33:19,078 [Worker-13: Building workspace] INFO  o.e.m.c.i.embedder.EclipseLogger - Using 'UTF-8' encoding to copy filtered resources.
2023-04-19 11:33:19,078 [Worker-13: Building workspace] INFO  o.e.m.c.i.embedder.EclipseLogger - skip non existing resourceDirectory C:\UST_JAVA\Assignment\exercise-bt-oops-inheritance-polymorphism\src\test\resources
